<?xml version="1.0" encoding="UTF-8"?>
<!-- Generated by org.testng.reporters.JUnitReportReporter -->
<testsuite hostname="HP" failures="0" tests="1" name="test.ManageUserPageTest" time="19.418" errors="0" timestamp="2024-04-30T16:46:03 IST" skipped="0">
  <testcase classname="test.ManageUserPageTest" name="verifyManageUserTittle" time="19.418"/>
  <system-out/>
</testsuite> <!-- test.ManageUserPageTest -->
