<?xml version="1.0" encoding="UTF-8"?>
<!-- Generated by org.testng.reporters.JUnitReportReporter -->
<testsuite hostname="HP" failures="0" tests="2" name="test.HomePageTest" time="35.931" errors="0" timestamp="2024-04-30T16:46:03 IST" skipped="0">
  <testcase classname="test.HomePageTest" name="verifyHomePageTitle" time="18.627"/>
  <system-out/>
  <testcase classname="test.HomePageTest" name="verifyUserLoginDate" time="17.304"/>
  <system-out/>
</testsuite> <!-- test.HomePageTest -->
