<?xml version="1.0" encoding="UTF-8"?>
<!-- Generated by org.testng.reporters.JUnitReportReporter -->
<testsuite hostname="HP" failures="0" tests="2" name="test.ResetPageTest" time="29.280" errors="0" timestamp="2024-04-30T16:46:03 IST" skipped="0">
  <testcase classname="test.ResetPageTest" name="verifyResetPageTitle" time="15.054"/>
  <system-out/>
  <testcase classname="test.ResetPageTest" name="verifyErrorMessageWithInvalidEmailid" time="14.226"/>
  <system-out/>
</testsuite> <!-- test.ResetPageTest -->
