<?xml version="1.0" encoding="UTF-8"?>
<!-- Generated by org.testng.reporters.JUnitReportReporter -->
<testsuite hostname="HP" failures="0" tests="3" name="test.AddUserPageTest" time="71.066" errors="0" timestamp="2024-04-30T15:54:35 IST" skipped="0">
  <testcase classname="test.AddUserPageTest" name="verifyAddUserTitle" time="19.771"/>
  <system-out/>
  <testcase classname="test.AddUserPageTest" name="verfiAddUser" time="21.663"/>
  <system-out/>
  <testcase classname="test.AddUserPageTest" name="verifyUserLoginWithNewlyAddedUsers" time="29.632"/>
  <system-out/>
</testsuite> <!-- test.AddUserPageTest -->
